<?xml version="1.0" encoding="UTF-8"?>
<testng-results ignored="0" total="1" passed="1" failed="0" skipped="0">
  <reporter-output>
  </reporter-output>
  <suite started-at="2023-05-30T17:47:51 IST" name="MuseSuite" finished-at="2023-05-30T17:48:04 IST" duration-ms="13103">
    <groups>
    </groups>
    <test started-at="2023-05-30T17:47:51 IST" name="MuseTest" finished-at="2023-05-30T17:48:04 IST" duration-ms="13103">
      <class name="testCases.TC_001_LoginTest">
        <test-method is-config="true" signature="setUp(java.lang.String)[pri:0, instance:testCases.TC_001_LoginTest@7674f035]" started-at="2023-05-30T17:47:51 IST" name="setUp" finished-at="2023-05-30T17:47:58 IST" duration-ms="6876" status="PASS">
          <params>
            <param index="0">
              <value>
                <![CDATA[Chrome]]>
              </value>
            </param>
          </params>
          <reporter-output>
          </reporter-output>
        </test-method> <!-- setUp -->
        <test-method signature="test_Login()[pri:0, instance:testCases.TC_001_LoginTest@7674f035]" started-at="2023-05-30T17:47:58 IST" name="test_Login" finished-at="2023-05-30T17:48:03 IST" duration-ms="5495" status="PASS">
          <reporter-output>
          </reporter-output>
        </test-method> <!-- test_Login -->
        <test-method is-config="true" signature="tearDown()[pri:0, instance:testCases.TC_001_LoginTest@7674f035]" started-at="2023-05-30T17:48:03 IST" name="tearDown" finished-at="2023-05-30T17:48:04 IST" duration-ms="469" status="PASS">
          <reporter-output>
          </reporter-output>
        </test-method> <!-- tearDown -->
      </class> <!-- testCases.TC_001_LoginTest -->
    </test> <!-- MuseTest -->
  </suite> <!-- MuseSuite -->
</testng-results>
