<?xml version="1.0" encoding="UTF-8"?>
<testng-results ignored="0" total="1" passed="1" failed="0" skipped="0">
  <reporter-output>
  </reporter-output>
  <suite started-at="2023-05-30T16:05:43 IST" name="MuseSuite" finished-at="2023-05-30T16:05:55 IST" duration-ms="11414">
    <groups>
    </groups>
    <test started-at="2023-05-30T16:05:43 IST" name="EdgeTest" finished-at="2023-05-30T16:05:43 IST" duration-ms="7">
    </test> <!-- EdgeTest -->
    <test started-at="2023-05-30T16:05:43 IST" name="ChromeTest" finished-at="2023-05-30T16:05:55 IST" duration-ms="11414">
      <class name="testCases.TC_001_LoginTest">
        <test-method is-config="true" signature="setUp(java.lang.String)[pri:0, instance:testCases.TC_001_LoginTest@59505b48]" started-at="2023-05-30T16:05:43 IST" name="setUp" finished-at="2023-05-30T16:05:48 IST" duration-ms="4905" status="PASS">
          <params>
            <param index="0">
              <value>
                <![CDATA[Chrome]]>
              </value>
            </param>
          </params>
          <reporter-output>
          </reporter-output>
        </test-method> <!-- setUp -->
        <test-method signature="test_Login()[pri:0, instance:testCases.TC_001_LoginTest@59505b48]" started-at="2023-05-30T16:05:48 IST" name="test_Login" finished-at="2023-05-30T16:05:54 IST" duration-ms="6010" status="PASS">
          <reporter-output>
          </reporter-output>
        </test-method> <!-- test_Login -->
        <test-method is-config="true" signature="tearDown()[pri:0, instance:testCases.TC_001_LoginTest@59505b48]" started-at="2023-05-30T16:05:54 IST" name="tearDown" finished-at="2023-05-30T16:05:55 IST" duration-ms="423" status="PASS">
          <reporter-output>
          </reporter-output>
        </test-method> <!-- tearDown -->
      </class> <!-- testCases.TC_001_LoginTest -->
    </test> <!-- ChromeTest -->
  </suite> <!-- MuseSuite -->
</testng-results>
